gyp info it worked if it ends with ok
gyp info using node-gyp@9.3.1
gyp info using node@18.14.2 | darwin | arm64
gyp info find Python using Python version 3.9.6 found at "/Applications/Xcode.app/Contents/Developer/usr/bin/python3"
gyp http GET https://nodejs.org/download/release/v18.14.2/node-v18.14.2-headers.tar.gz
gyp http 200 https://nodejs.org/download/release/v18.14.2/node-v18.14.2-headers.tar.gz
gyp http GET https://nodejs.org/download/release/v18.14.2/SHASUMS256.txt
gyp http 200 https://nodejs.org/download/release/v18.14.2/SHASUMS256.txt
gyp info spawn /Applications/Xcode.app/Contents/Developer/usr/bin/python3
gyp info spawn args [
gyp info spawn args   '/usr/local/lib/node_modules/npm/node_modules/node-gyp/gyp/gyp_main.py',
gyp info spawn args   'binding.gyp',
gyp info spawn args   '-f',
gyp info spawn args   'make',
gyp info spawn args   '-I',
gyp info spawn args   '/Users/billy/Documents/nodejs/microstudio/server/node_modules/ursa-optional/build/config.gypi',
gyp info spawn args   '-I',
gyp info spawn args   '/usr/local/lib/node_modules/npm/node_modules/node-gyp/addon.gypi',
gyp info spawn args   '-I',
gyp info spawn args   '/Users/billy/Library/Caches/node-gyp/18.14.2/include/node/common.gypi',
gyp info spawn args   '-Dlibrary=shared_library',
gyp info spawn args   '-Dvisibility=default',
gyp info spawn args   '-Dnode_root_dir=/Users/billy/Library/Caches/node-gyp/18.14.2',
gyp info spawn args   '-Dnode_gyp_dir=/usr/local/lib/node_modules/npm/node_modules/node-gyp',
gyp info spawn args   '-Dnode_lib_file=/Users/billy/Library/Caches/node-gyp/18.14.2/<(target_arch)/node.lib',
gyp info spawn args   '-Dmodule_root_dir=/Users/billy/Documents/nodejs/microstudio/server/node_modules/ursa-optional',
gyp info spawn args   '-Dnode_engine=v8',
gyp info spawn args   '--depth=.',
gyp info spawn args   '--no-parallel',
gyp info spawn args   '--generator-output',
gyp info spawn args   'build',
gyp info spawn args   '-Goutput_dir=.'
gyp info spawn args ]
gyp info spawn make
gyp info spawn args [ 'BUILDTYPE=Release', '-C', 'build' ]
../src/ursaNative.cc:543:32: error: too few arguments to function call, single argument 'isolate' was not specified
  int length = str->Utf8Length();
               ~~~~~~~~~~~~~~~ ^
/Users/billy/Library/Caches/node-gyp/18.14.2/include/node/v8-primitive.h:142:7: note: 'Utf8Length' declared here
  int Utf8Length(Isolate* isolate) const;
      ^
../src/ursaNative.cc:553:18: error: cannot initialize a parameter of type 'v8::Isolate *' with an lvalue of type 'char *'
  str->WriteUtf8(result, length + 1);
                 ^~~~~~
/Users/billy/Library/Caches/node-gyp/18.14.2/include/node/v8-primitive.h:202:26: note: passing argument to parameter 'isolate' here
  int WriteUtf8(Isolate* isolate, char* buffer, int length = -1,
                         ^
../src/ursaNative.cc:588:17: warning: 'RSA_new' is deprecated [-Wdeprecated-declarations]
  RSA *result = RSA_new();
                ^
/Users/billy/Library/Caches/node-gyp/18.14.2/include/node/openssl/rsa.h:201:1: note: 'RSA_new' has been explicitly marked deprecated here
OSSL_DEPRECATEDIN_3_0 RSA *RSA_new(void);
^
/Users/billy/Library/Caches/node-gyp/18.14.2/include/node/openssl/macros.h:182:49: note: expanded from macro 'OSSL_DEPRECATEDIN_3_0'
#   define OSSL_DEPRECATEDIN_3_0                OSSL_DEPRECATED(3.0)
                                                ^
/Users/billy/Library/Caches/node-gyp/18.14.2/include/node/openssl/macros.h:62:52: note: expanded from macro 'OSSL_DEPRECATED'
#     define OSSL_DEPRECATED(since) __attribute__((deprecated))
                                                   ^
../src/ursaNative.cc:596:7: warning: 'RSA_generate_key_ex' is deprecated [-Wdeprecated-declarations]
  if (RSA_generate_key_ex(result, num, eBig, NULL) < 0)
      ^
/Users/billy/Library/Caches/node-gyp/18.14.2/include/node/openssl/rsa.h:260:1: note: 'RSA_generate_key_ex' has been explicitly marked deprecated here
OSSL_DEPRECATEDIN_3_0 int RSA_generate_key_ex(RSA *rsa, int bits, BIGNUM *e,
^
/Users/billy/Library/Caches/node-gyp/18.14.2/include/node/openssl/macros.h:182:49: note: expanded from macro 'OSSL_DEPRECATEDIN_3_0'
#   define OSSL_DEPRECATEDIN_3_0                OSSL_DEPRECATED(3.0)
                                                ^
/Users/billy/Library/Caches/node-gyp/18.14.2/include/node/openssl/macros.h:62:52: note: expanded from macro 'OSSL_DEPRECATED'
#     define OSSL_DEPRECATED(since) __attribute__((deprecated))
                                                   ^
../src/ursaNative.cc:598:5: warning: 'RSA_free' is deprecated [-Wdeprecated-declarations]
    RSA_free(result);
    ^
/Users/billy/Library/Caches/node-gyp/18.14.2/include/node/openssl/rsa.h:293:1: note: 'RSA_free' has been explicitly marked deprecated here
OSSL_DEPRECATEDIN_3_0 void RSA_free(RSA *r);
^
/Users/billy/Library/Caches/node-gyp/18.14.2/include/node/openssl/macros.h:182:49: note: expanded from macro 'OSSL_DEPRECATEDIN_3_0'
#   define OSSL_DEPRECATEDIN_3_0                OSSL_DEPRECATED(3.0)
                                                ^
/Users/billy/Library/Caches/node-gyp/18.14.2/include/node/openssl/macros.h:62:52: note: expanded from macro 'OSSL_DEPRECATED'
#     define OSSL_DEPRECATED(since) __attribute__((deprecated))
                                                   ^
../src/ursaNative.cc:690:68: error: too few arguments to function call, single argument 'context' was not specified
  target->Set(NanNew("RsaWrap").ToLocalChecked(), tpl->GetFunction());
                                                  ~~~~~~~~~~~~~~~~ ^
/Users/billy/Library/Caches/node-gyp/18.14.2/include/node/v8-template.h:513:46: note: 'GetFunction' declared here
  V8_WARN_UNUSED_RESULT MaybeLocal<Function> GetFunction(
                                             ^
../src/ursaNative.cc:690:11: error: no matching member function for call to 'Set'
  target->Set(NanNew("RsaWrap").ToLocalChecked(), tpl->GetFunction());
  ~~~~~~~~^~~
/Users/billy/Library/Caches/node-gyp/18.14.2/include/node/v8-object.h:244:37: note: candidate function not viable: requires 3 arguments, but 2 were provided
  V8_WARN_UNUSED_RESULT Maybe<bool> Set(Local<Context> context,
                                    ^
/Users/billy/Library/Caches/node-gyp/18.14.2/include/node/v8-object.h:247:37: note: candidate function not viable: requires 3 arguments, but 2 were provided
  V8_WARN_UNUSED_RESULT Maybe<bool> Set(Local<Context> context, uint32_t index,
                                    ^
../src/ursaNative.cc:691:38: error: too few arguments to function call, single argument 'context' was not specified
  constructor.Reset(tpl->GetFunction());
                    ~~~~~~~~~~~~~~~~ ^
/Users/billy/Library/Caches/node-gyp/18.14.2/include/node/v8-template.h:513:46: note: 'GetFunction' declared here
  V8_WARN_UNUSED_RESULT MaybeLocal<Function> GetFunction(
                                             ^
../src/ursaNative.cc:691:15: error: no matching member function for call to 'Reset'
  constructor.Reset(tpl->GetFunction());
  ~~~~~~~~~~~~^~~~~
../../nan/nan_persistent_12_inl.h:28:15: note: candidate template ignored: could not match 'Local' against 'MaybeLocal'
  inline void Reset(const v8::Local<S> &other) {
              ^
../../nan/nan_persistent_12_inl.h:33:15: note: candidate template ignored: could not match 'PersistentBase' against 'MaybeLocal'
  inline void Reset(const v8::PersistentBase<S> &other) {
              ^
../../nan/nan_persistent_12_inl.h:25:15: note: candidate function not viable: requires 0 arguments, but 1 was provided
  inline void Reset() { v8::PersistentBase<T>::Reset(); }
              ^
../src/ursaNative.cc:693:104: error: too few arguments to function call, single argument 'context' was not specified
  target->Set(NanNew("textToNid").ToLocalChecked(), Nan::New<FunctionTemplate>(TextToNid)->GetFunction());
                                                    ~~~~~~~~~~~~~~~~~~~~~~~~~~~~~~~~~~~~~~~~~~~~~~~~~~ ^
/Users/billy/Library/Caches/node-gyp/18.14.2/include/node/v8-template.h:513:46: note: 'GetFunction' declared here
  V8_WARN_UNUSED_RESULT MaybeLocal<Function> GetFunction(
                                             ^
../src/ursaNative.cc:693:11: error: no matching member function for call to 'Set'
  target->Set(NanNew("textToNid").ToLocalChecked(), Nan::New<FunctionTemplate>(TextToNid)->GetFunction());
  ~~~~~~~~^~~
/Users/billy/Library/Caches/node-gyp/18.14.2/include/node/v8-object.h:244:37: note: candidate function not viable: requires 3 arguments, but 2 were provided
  V8_WARN_UNUSED_RESULT Maybe<bool> Set(Local<Context> context,
                                    ^
/Users/billy/Library/Caches/node-gyp/18.14.2/include/node/v8-object.h:247:37: note: candidate function not viable: requires 3 arguments, but 2 were provided
  V8_WARN_UNUSED_RESULT Maybe<bool> Set(Local<Context> context, uint32_t index,
                                    ^
../src/ursaNative.cc:713:5: warning: 'RSA_free' is deprecated [-Wdeprecated-declarations]
    RSA_free(rsa);
    ^
/Users/billy/Library/Caches/node-gyp/18.14.2/include/node/openssl/rsa.h:293:1: note: 'RSA_free' has been explicitly marked deprecated here
OSSL_DEPRECATEDIN_3_0 void RSA_free(RSA *r);
^
/Users/billy/Library/Caches/node-gyp/18.14.2/include/node/openssl/macros.h:182:49: note: expanded from macro 'OSSL_DEPRECATEDIN_3_0'
#   define OSSL_DEPRECATEDIN_3_0                OSSL_DEPRECATED(3.0)
                                                ^
/Users/billy/Library/Caches/node-gyp/18.14.2/include/node/openssl/macros.h:62:52: note: expanded from macro 'OSSL_DEPRECATED'
#     define OSSL_DEPRECATED(since) __attribute__((deprecated))
                                                   ^
../src/ursaNative.cc:740:16: warning: 'RSA_new' is deprecated [-Wdeprecated-declarations]
    obj->rsa = RSA_new();
               ^
/Users/billy/Library/Caches/node-gyp/18.14.2/include/node/openssl/rsa.h:201:1: note: 'RSA_new' has been explicitly marked deprecated here
OSSL_DEPRECATEDIN_3_0 RSA *RSA_new(void);
^
/Users/billy/Library/Caches/node-gyp/18.14.2/include/node/openssl/macros.h:182:49: note: expanded from macro 'OSSL_DEPRECATEDIN_3_0'
#   define OSSL_DEPRECATEDIN_3_0                OSSL_DEPRECATED(3.0)
                                                ^
/Users/billy/Library/Caches/node-gyp/18.14.2/include/node/openssl/macros.h:62:52: note: expanded from macro 'OSSL_DEPRECATED'
#     define OSSL_DEPRECATED(since) __attribute__((deprecated))
                                                   ^
../src/ursaNative.cc:748:3: warning: 'RSA_set0_key' is deprecated [-Wdeprecated-declarations]
  RSA_set0_key(obj->rsa, obj->rsa_n, obj->rsa_e, NULL);
  ^
/Users/billy/Library/Caches/node-gyp/18.14.2/include/node/openssl/rsa.h:207:1: note: 'RSA_set0_key' has been explicitly marked deprecated here
OSSL_DEPRECATEDIN_3_0 int RSA_set0_key(RSA *r, BIGNUM *n, BIGNUM *e, BIGNUM *d);
^
/Users/billy/Library/Caches/node-gyp/18.14.2/include/node/openssl/macros.h:182:49: note: expanded from macro 'OSSL_DEPRECATEDIN_3_0'
#   define OSSL_DEPRECATEDIN_3_0                OSSL_DEPRECATED(3.0)
                                                ^
/Users/billy/Library/Caches/node-gyp/18.14.2/include/node/openssl/macros.h:62:52: note: expanded from macro 'OSSL_DEPRECATED'
#     define OSSL_DEPRECATED(since) __attribute__((deprecated))
                                                   ^
../src/ursaNative.cc:766:5: warning: 'RSA_get0_key' is deprecated [-Wdeprecated-declarations]
    RSA_get0_key(obj->rsa, NULL, NULL, (const BIGNUM **)&obj->rsa_d);
    ^
/Users/billy/Library/Caches/node-gyp/18.14.2/include/node/openssl/rsa.h:217:1: note: 'RSA_get0_key' has been explicitly marked deprecated here
OSSL_DEPRECATEDIN_3_0 void RSA_get0_key(const RSA *r,
^
/Users/billy/Library/Caches/node-gyp/18.14.2/include/node/openssl/macros.h:182:49: note: expanded from macro 'OSSL_DEPRECATEDIN_3_0'
#   define OSSL_DEPRECATEDIN_3_0                OSSL_DEPRECATED(3.0)
                                                ^
/Users/billy/Library/Caches/node-gyp/18.14.2/include/node/openssl/macros.h:62:52: note: expanded from macro 'OSSL_DEPRECATED'
#     define OSSL_DEPRECATED(since) __attribute__((deprecated))
                                                   ^
../src/ursaNative.cc:866:42: error: too few arguments to function call, single argument 'context' was not specified
  int modulusBits = args[0]->Uint32Value();
                    ~~~~~~~~~~~~~~~~~~~~ ^
/Users/billy/Library/Caches/node-gyp/18.14.2/include/node/v8-value.h:416:41: note: 'Uint32Value' declared here
  V8_WARN_UNUSED_RESULT Maybe<uint32_t> Uint32Value(
                                        ^
../src/ursaNative.cc:866:7: error: no viable conversion from 'Maybe<uint32_t>' (aka 'Maybe<unsigned int>') to 'int'
  int modulusBits = args[0]->Uint32Value();
      ^             ~~~~~~~~~~~~~~~~~~~~~~
../src/ursaNative.cc:867:39: error: too few arguments to function call, single argument 'context' was not specified
  int exponent = args[1]->Uint32Value();
                 ~~~~~~~~~~~~~~~~~~~~ ^
/Users/billy/Library/Caches/node-gyp/18.14.2/include/node/v8-value.h:416:41: note: 'Uint32Value' declared here
  V8_WARN_UNUSED_RESULT Maybe<uint32_t> Uint32Value(
                                        ^
../src/ursaNative.cc:867:7: error: no viable conversion from 'Maybe<uint32_t>' (aka 'Maybe<unsigned int>') to 'int'
  int exponent = args[1]->Uint32Value();
      ^          ~~~~~~~~~~~~~~~~~~~~~~
../src/ursaNative.cc:922:3: warning: 'RSA_get0_key' is deprecated [-Wdeprecated-declarations]
  RSA_get0_key(obj->rsa, NULL, (const BIGNUM **)&obj->rsa_e, NULL);
  ^
/Users/billy/Library/Caches/node-gyp/18.14.2/include/node/openssl/rsa.h:217:1: note: 'RSA_get0_key' has been explicitly marked deprecated here
OSSL_DEPRECATEDIN_3_0 void RSA_get0_key(const RSA *r,
^
/Users/billy/Library/Caches/node-gyp/18.14.2/include/node/openssl/macros.h:182:49: note: expanded from macro 'OSSL_DEPRECATEDIN_3_0'
#   define OSSL_DEPRECATEDIN_3_0                OSSL_DEPRECATED(3.0)
                                                ^
/Users/billy/Library/Caches/node-gyp/18.14.2/include/node/openssl/macros.h:62:52: note: expanded from macro 'OSSL_DEPRECATED'
#     define OSSL_DEPRECATED(since) __attribute__((deprecated))
                                                   ^
../src/ursaNative.cc:943:3: warning: 'RSA_get0_key' is deprecated [-Wdeprecated-declarations]
  RSA_get0_key(obj->rsa, NULL, NULL, (const BIGNUM **)&obj->rsa_d);
  ^
/Users/billy/Library/Caches/node-gyp/18.14.2/include/node/openssl/rsa.h:217:1: note: 'RSA_get0_key' has been explicitly marked deprecated here
OSSL_DEPRECATEDIN_3_0 void RSA_get0_key(const RSA *r,
^
/Users/billy/Library/Caches/node-gyp/18.14.2/include/node/openssl/macros.h:182:49: note: expanded from macro 'OSSL_DEPRECATEDIN_3_0'
#   define OSSL_DEPRECATEDIN_3_0                OSSL_DEPRECATED(3.0)
                                                ^
/Users/billy/Library/Caches/node-gyp/18.14.2/include/node/openssl/macros.h:62:52: note: expanded from macro 'OSSL_DEPRECATED'
#     define OSSL_DEPRECATED(since) __attribute__((deprecated))
                                                   ^
../src/ursaNative.cc:963:3: warning: 'RSA_get0_key' is deprecated [-Wdeprecated-declarations]
  RSA_get0_key(obj->rsa, (const BIGNUM **)&obj->rsa_n, NULL, NULL);
  ^
/Users/billy/Library/Caches/node-gyp/18.14.2/include/node/openssl/rsa.h:217:1: note: 'RSA_get0_key' has been explicitly marked deprecated here
OSSL_DEPRECATEDIN_3_0 void RSA_get0_key(const RSA *r,
^
/Users/billy/Library/Caches/node-gyp/18.14.2/include/node/openssl/macros.h:182:49: note: expanded from macro 'OSSL_DEPRECATEDIN_3_0'
#   define OSSL_DEPRECATEDIN_3_0                OSSL_DEPRECATED(3.0)
                                                ^
/Users/billy/Library/Caches/node-gyp/18.14.2/include/node/openssl/macros.h:62:52: note: expanded from macro 'OSSL_DEPRECATED'
#     define OSSL_DEPRECATED(since) __attribute__((deprecated))
                                                   ^
../src/ursaNative.cc:1012:8: warning: 'PEM_write_bio_RSAPrivateKey' is deprecated [-Wdeprecated-declarations]
  if (!PEM_write_bio_RSAPrivateKey(bio, obj->rsa,
       ^
/Users/billy/Library/Caches/node-gyp/18.14.2/include/node/openssl/pem.h:447:24: note: 'PEM_write_bio_RSAPrivateKey' has been explicitly marked deprecated here
DECLARE_PEM_rw_cb_attr(OSSL_DEPRECATEDIN_3_0, RSAPrivateKey, RSA)
                       ^
/Users/billy/Library/Caches/node-gyp/18.14.2/include/node/openssl/macros.h:182:49: note: expanded from macro 'OSSL_DEPRECATEDIN_3_0'
#   define OSSL_DEPRECATEDIN_3_0                OSSL_DEPRECATED(3.0)
                                                ^
/Users/billy/Library/Caches/node-gyp/18.14.2/include/node/openssl/macros.h:62:52: note: expanded from macro 'OSSL_DEPRECATED'
#     define OSSL_DEPRECATED(since) __attribute__((deprecated))
                                                   ^
../src/ursaNative.cc:1049:8: warning: 'PEM_write_bio_RSA_PUBKEY' is deprecated [-Wdeprecated-declarations]
  if (!PEM_write_bio_RSA_PUBKEY(bio, obj->rsa))
       ^
/Users/billy/Library/Caches/node-gyp/18.14.2/include/node/openssl/pem.h:449:21: note: 'PEM_write_bio_RSA_PUBKEY' has been explicitly marked deprecated here
DECLARE_PEM_rw_attr(OSSL_DEPRECATEDIN_3_0, RSA_PUBKEY, RSA)
                    ^
/Users/billy/Library/Caches/node-gyp/18.14.2/include/node/openssl/macros.h:182:49: note: expanded from macro 'OSSL_DEPRECATEDIN_3_0'
#   define OSSL_DEPRECATEDIN_3_0                OSSL_DEPRECATED(3.0)
                                                ^
/Users/billy/Library/Caches/node-gyp/18.14.2/include/node/openssl/macros.h:62:52: note: expanded from macro 'OSSL_DEPRECATED'
#     define OSSL_DEPRECATED(since) __attribute__((deprecated))
                                                   ^
../src/ursaNative.cc:1095:19: warning: 'RSA_size' is deprecated [-Wdeprecated-declarations]
  int rsaLength = RSA_size(obj->rsa);
                  ^
/Users/billy/Library/Caches/node-gyp/18.14.2/include/node/openssl/rsa.h:204:1: note: 'RSA_size' has been explicitly marked deprecated here
OSSL_DEPRECATEDIN_3_0 int RSA_size(const RSA *rsa);
^
/Users/billy/Library/Caches/node-gyp/18.14.2/include/node/openssl/macros.h:182:49: note: expanded from macro 'OSSL_DEPRECATEDIN_3_0'
#   define OSSL_DEPRECATEDIN_3_0                OSSL_DEPRECATED(3.0)
                                                ^
/Users/billy/Library/Caches/node-gyp/18.14.2/include/node/openssl/macros.h:62:52: note: expanded from macro 'OSSL_DEPRECATED'
#     define OSSL_DEPRECATED(since) __attribute__((deprecated))
                                                   ^
../src/ursaNative.cc:1103:38: error: too few arguments to function call, single argument 'context' was not specified
  int padding = args[1]->Uint32Value();
                ~~~~~~~~~~~~~~~~~~~~ ^
/Users/billy/Library/Caches/node-gyp/18.14.2/include/node/v8-value.h:416:41: note: 'Uint32Value' declared here
  V8_WARN_UNUSED_RESULT Maybe<uint32_t> Uint32Value(
                                        ^
../src/ursaNative.cc:1103:7: error: no viable conversion from 'Maybe<uint32_t>' (aka 'Maybe<unsigned int>') to 'int'
  int padding = args[1]->Uint32Value();
      ^         ~~~~~~~~~~~~~~~~~~~~~~
../src/ursaNative.cc:1105:19: warning: 'RSA_private_decrypt' is deprecated [-Wdeprecated-declarations]
  int bufLength = RSA_private_decrypt(length, (unsigned char *)data,
                  ^
/Users/billy/Library/Caches/node-gyp/18.14.2/include/node/openssl/rsa.h:290:1: note: 'RSA_private_decrypt' has been explicitly marked deprecated here
OSSL_DEPRECATEDIN_3_0
^
/Users/billy/Library/Caches/node-gyp/18.14.2/include/node/openssl/macros.h:182:49: note: expanded from macro 'OSSL_DEPRECATEDIN_3_0'
#   define OSSL_DEPRECATEDIN_3_0                OSSL_DEPRECATED(3.0)
                                                ^
/Users/billy/Library/Caches/node-gyp/18.14.2/include/node/openssl/macros.h:62:52: note: expanded from macro 'OSSL_DEPRECATED'
#     define OSSL_DEPRECATED(since) __attribute__((deprecated))
                                                   ^
../src/ursaNative.cc:1153:19: warning: 'RSA_size' is deprecated [-Wdeprecated-declarations]
  int rsaLength = RSA_size(obj->rsa);
                  ^
/Users/billy/Library/Caches/node-gyp/18.14.2/include/node/openssl/rsa.h:204:1: note: 'RSA_size' has been explicitly marked deprecated here
OSSL_DEPRECATEDIN_3_0 int RSA_size(const RSA *rsa);
^
/Users/billy/Library/Caches/node-gyp/18.14.2/include/node/openssl/macros.h:182:49: note: expanded from macro 'OSSL_DEPRECATEDIN_3_0'
#   define OSSL_DEPRECATEDIN_3_0                OSSL_DEPRECATED(3.0)
                                                ^
/Users/billy/Library/Caches/node-gyp/18.14.2/include/node/openssl/macros.h:62:52: note: expanded from macro 'OSSL_DEPRECATED'
#     define OSSL_DEPRECATED(since) __attribute__((deprecated))
                                                   ^
../src/ursaNative.cc:1161:38: error: too few arguments to function call, single argument 'context' was not specified
  int padding = args[1]->Uint32Value();
                ~~~~~~~~~~~~~~~~~~~~ ^
/Users/billy/Library/Caches/node-gyp/18.14.2/include/node/v8-value.h:416:41: note: 'Uint32Value' declared here
  V8_WARN_UNUSED_RESULT Maybe<uint32_t> Uint32Value(
                                        ^
../src/ursaNative.cc:1161:7: error: no viable conversion from 'Maybe<uint32_t>' (aka 'Maybe<unsigned int>') to 'int'
  int padding = args[1]->Uint32Value();
      ^         ~~~~~~~~~~~~~~~~~~~~~~
../src/ursaNative.cc:1163:13: warning: 'RSA_private_encrypt' is deprecated [-Wdeprecated-declarations]
  int ret = RSA_private_encrypt(length, (unsigned char *)data,
            ^
/Users/billy/Library/Caches/node-gyp/18.14.2/include/node/openssl/rsa.h:284:1: note: 'RSA_private_encrypt' has been explicitly marked deprecated here
OSSL_DEPRECATEDIN_3_0
^
/Users/billy/Library/Caches/node-gyp/18.14.2/include/node/openssl/macros.h:182:49: note: expanded from macro 'OSSL_DEPRECATEDIN_3_0'
#   define OSSL_DEPRECATEDIN_3_0                OSSL_DEPRECATED(3.0)
                                                ^
/Users/billy/Library/Caches/node-gyp/18.14.2/include/node/openssl/macros.h:62:52: note: expanded from macro 'OSSL_DEPRECATED'
#     define OSSL_DEPRECATED(since) __attribute__((deprecated))
                                                   ^
../src/ursaNative.cc:1210:19: warning: 'RSA_size' is deprecated [-Wdeprecated-declarations]
  int rsaLength = RSA_size(obj->rsa);
                  ^
/Users/billy/Library/Caches/node-gyp/18.14.2/include/node/openssl/rsa.h:204:1: note: 'RSA_size' has been explicitly marked deprecated here
OSSL_DEPRECATEDIN_3_0 int RSA_size(const RSA *rsa);
^
/Users/billy/Library/Caches/node-gyp/18.14.2/include/node/openssl/macros.h:182:49: note: expanded from macro 'OSSL_DEPRECATEDIN_3_0'
#   define OSSL_DEPRECATEDIN_3_0                OSSL_DEPRECATED(3.0)
                                                ^
/Users/billy/Library/Caches/node-gyp/18.14.2/include/node/openssl/macros.h:62:52: note: expanded from macro 'OSSL_DEPRECATED'
#     define OSSL_DEPRECATED(since) __attribute__((deprecated))
                                                   ^
../src/ursaNative.cc:1218:38: error: too few arguments to function call, single argument 'context' was not specified
  int padding = args[1]->Uint32Value();
                ~~~~~~~~~~~~~~~~~~~~ ^
/Users/billy/Library/Caches/node-gyp/18.14.2/include/node/v8-value.h:416:41: note: 'Uint32Value' declared here
  V8_WARN_UNUSED_RESULT Maybe<uint32_t> Uint32Value(
                                        ^
../src/ursaNative.cc:1218:7: error: no viable conversion from 'Maybe<uint32_t>' (aka 'Maybe<unsigned int>') to 'int'
  int padding = args[1]->Uint32Value();
      ^         ~~~~~~~~~~~~~~~~~~~~~~
../src/ursaNative.cc:1220:19: warning: 'RSA_public_decrypt' is deprecated [-Wdeprecated-declarations]
  int bufLength = RSA_public_decrypt(length, (unsigned char *)data,
                  ^
/Users/billy/Library/Caches/node-gyp/18.14.2/include/node/openssl/rsa.h:287:1: note: 'RSA_public_decrypt' has been explicitly marked deprecated here
OSSL_DEPRECATEDIN_3_0
^
/Users/billy/Library/Caches/node-gyp/18.14.2/include/node/openssl/macros.h:182:49: note: expanded from macro 'OSSL_DEPRECATEDIN_3_0'
#   define OSSL_DEPRECATEDIN_3_0                OSSL_DEPRECATED(3.0)
                                                ^
/Users/billy/Library/Caches/node-gyp/18.14.2/include/node/openssl/macros.h:62:52: note: expanded from macro 'OSSL_DEPRECATED'
#     define OSSL_DEPRECATED(since) __attribute__((deprecated))
                                                   ^
../src/ursaNative.cc:1264:19: warning: 'RSA_size' is deprecated [-Wdeprecated-declarations]
  int rsaLength = RSA_size(obj->rsa);
                  ^
/Users/billy/Library/Caches/node-gyp/18.14.2/include/node/openssl/rsa.h:204:1: note: 'RSA_size' has been explicitly marked deprecated here
OSSL_DEPRECATEDIN_3_0 int RSA_size(const RSA *rsa);
^
/Users/billy/Library/Caches/node-gyp/18.14.2/include/node/openssl/macros.h:182:49: note: expanded from macro 'OSSL_DEPRECATEDIN_3_0'
#   define OSSL_DEPRECATEDIN_3_0                OSSL_DEPRECATED(3.0)
                                                ^
/Users/billy/Library/Caches/node-gyp/18.14.2/include/node/openssl/macros.h:62:52: note: expanded from macro 'OSSL_DEPRECATED'
#     define OSSL_DEPRECATED(since) __attribute__((deprecated))
                                                   ^
../src/ursaNative.cc:1272:38: error: too few arguments to function call, single argument 'context' was not specified
  int padding = args[1]->Uint32Value();
                ~~~~~~~~~~~~~~~~~~~~ ^
/Users/billy/Library/Caches/node-gyp/18.14.2/include/node/v8-value.h:416:41: note: 'Uint32Value' declared here
  V8_WARN_UNUSED_RESULT Maybe<uint32_t> Uint32Value(
                                        ^
fatal error: too many errors emitted, stopping now [-ferror-limit=]
19 warnings and 20 errors generated.
make: *** [Release/obj.target/ursaNative/src/ursaNative.o] Error 1
gyp ERR! build error 
gyp ERR! stack Error: `make` failed with exit code: 2
gyp ERR! stack     at ChildProcess.onExit (/usr/local/lib/node_modules/npm/node_modules/node-gyp/lib/build.js:203:23)
gyp ERR! stack     at ChildProcess.emit (node:events:513:28)
gyp ERR! stack     at ChildProcess._handle.onexit (node:internal/child_process:291:12)
gyp ERR! System Darwin 22.1.0
gyp ERR! command "/usr/local/bin/node" "/usr/local/lib/node_modules/npm/node_modules/node-gyp/bin/node-gyp.js" "rebuild"
gyp ERR! cwd /Users/billy/Documents/nodejs/microstudio/server/node_modules/ursa-optional
gyp ERR! node -v v18.14.2
gyp ERR! node-gyp -v v9.3.1
gyp ERR! not ok 
